<?xml version="1.0" encoding="UTF-8"?>
<testng-results ignored="0" total="1" passed="1" failed="0" skipped="0">
  <reporter-output>
  </reporter-output>
  <suite started-at="2023-02-22T10:17:52 IST" name="Default suite" finished-at="2023-02-22T10:19:54 IST" duration-ms="121669">
    <groups>
    </groups>
    <test started-at="2023-02-22T10:17:52 IST" name="Default test" finished-at="2023-02-22T10:19:54 IST" duration-ms="121669">
      <class name="com.jenkins.Amazon">
        <test-method signature="broswer_launch()[pri:0, instance:com.jenkins.Amazon@13fd2ccd]" started-at="2023-02-22T10:17:52 IST" name="broswer_launch" finished-at="2023-02-22T10:19:54 IST" duration-ms="121459" status="PASS">
          <reporter-output>
          </reporter-output>
        </test-method> <!-- broswer_launch -->
      </class> <!-- com.jenkins.Amazon -->
    </test> <!-- Default test -->
  </suite> <!-- Default suite -->
</testng-results>
